2020-11-20 09:26:09,229-0500 INFO  mkfntmap - this process (1640) started by 'initexmf' with command line: mkfntmap --verbose --disable-installer --miktex-disable-maintenance --miktex-disable-diagnose
2020-11-20 09:26:09,234-0500 INFO  mkfntmap - Parsing config file C:\Users\School\Downloads\PDFLaTeXEditor\miktex-portable\texmfs\install\miktex/config\updmap.cfg...
2020-11-20 09:26:17,468-0500 INFO  mkfntmap - Writing C:\Users\School\Downloads\PDFLaTeXEditor\miktex-portable\texmfs/data\dvips\config\ps2pk.map...
2020-11-20 09:26:17,493-0500 INFO  mkfntmap - Writing C:\Users\School\Downloads\PDFLaTeXEditor\miktex-portable\texmfs/data\dvips\config\download35.map...
2020-11-20 09:26:17,506-0500 INFO  mkfntmap - Writing C:\Users\School\Downloads\PDFLaTeXEditor\miktex-portable\texmfs/data\dvips\config\builtin35.map...
2020-11-20 09:26:17,518-0500 INFO  mkfntmap - Writing C:\Users\School\Downloads\PDFLaTeXEditor\miktex-portable\texmfs/data\dvips\config\psfonts_t1.map...
2020-11-20 09:26:17,548-0500 INFO  mkfntmap - Writing C:\Users\School\Downloads\PDFLaTeXEditor\miktex-portable\texmfs/data\dvips\config\psfonts_pk.map...
2020-11-20 09:26:17,580-0500 INFO  mkfntmap - Writing C:\Users\School\Downloads\PDFLaTeXEditor\miktex-portable\texmfs/data\pdftex\config\pdftex_ndl14.map...
2020-11-20 09:26:17,603-0500 INFO  mkfntmap - Writing C:\Users\School\Downloads\PDFLaTeXEditor\miktex-portable\texmfs/data\pdftex\config\pdftex_dl14.map...
2020-11-20 09:26:17,630-0500 INFO  mkfntmap - Writing C:\Users\School\Downloads\PDFLaTeXEditor\miktex-portable\texmfs/data\dvipdfm\config\dvipdfm_dl14.map...
2020-11-20 09:26:17,659-0500 INFO  mkfntmap - Writing C:\Users\School\Downloads\PDFLaTeXEditor\miktex-portable\texmfs/data\dvipdfm\config\dvipdfm_ndl14.map...
2020-11-20 09:26:17,691-0500 INFO  mkfntmap - Copying C:\Users\School\Downloads\PDFLaTeXEditor\miktex-portable\texmfs/data\dvips\config\psfonts_t1.map
2020-11-20 09:26:17,691-0500 INFO  mkfntmap -      to C:\Users\School\Downloads\PDFLaTeXEditor\miktex-portable\texmfs/data\dvips\config\psfonts.map...
2020-11-20 09:26:17,702-0500 INFO  mkfntmap - Copying C:\Users\School\Downloads\PDFLaTeXEditor\miktex-portable\texmfs/data\dvipdfm\config\dvipdfm_dl14.map
2020-11-20 09:26:17,702-0500 INFO  mkfntmap -      to C:\Users\School\Downloads\PDFLaTeXEditor\miktex-portable\texmfs/data\dvipdfm\config\dvipdfm.map...
2020-11-20 09:26:17,710-0500 INFO  mkfntmap - Copying C:\Users\School\Downloads\PDFLaTeXEditor\miktex-portable\texmfs/data\pdftex\config\pdftex_dl14.map
2020-11-20 09:26:17,710-0500 INFO  mkfntmap -      to C:\Users\School\Downloads\PDFLaTeXEditor\miktex-portable\texmfs/data\pdftex\config\pdftex.map...
2020-11-20 09:26:17,733-0500 INFO  mkfntmap - running: miktex-fc-cache --verbose --miktex-disable-maintenance --miktex-disable-diagnose
2020-11-20 09:26:17,814-0500 INFO  mkfntmap.core - start process: miktex-fc-cache --verbose --miktex-disable-maintenance --miktex-disable-diagnose
2020-11-20 09:26:34,863-0500 INFO  mkfntmap - C:/Users/School/AppData/Local/Microsoft/Windows/Fonts: skipping, existing cache is valid: 25 fonts, 0 dirs
2020-11-20 09:26:34,863-0500 INFO  mkfntmap - C:/WINDOWS/Fonts: skipping, existing cache is valid: 1250 fonts, 0 dirs
2020-11-20 09:26:34,866-0500 INFO  mkfntmap - C:/Program Files (x86)/Adobe/Acrobat Reader DC/Resource/Font: skipping, existing cache is valid: 18 fonts, 1 dirs
2020-11-20 09:26:34,869-0500 INFO  mkfntmap - C:/Program Files (x86)/Adobe/Acrobat Reader DC/Resource/Font/PFM: skipping, existing cache is valid: 0 fonts, 0 dirs
2020-11-20 09:26:34,873-0500 INFO  mkfntmap - C:/Users/School/Downloads/PDFLaTeXEditor/miktex-portable/texmfs/install/fonts/type1: skipping, existing cache is valid: 0 fonts, 5 dirs
2020-11-20 09:26:34,878-0500 INFO  mkfntmap - C:/Users/School/Downloads/PDFLaTeXEditor/miktex-portable/texmfs/install/fonts/type1/adobe: skipping, existing cache is valid: 0 fonts, 1 dirs
2020-11-20 09:26:34,882-0500 INFO  mkfntmap - C:/Users/School/Downloads/PDFLaTeXEditor/miktex-portable/texmfs/install/fonts/type1/adobe/courier: skipping, existing cache is valid: 6 fonts, 0 dirs
2020-11-20 09:26:34,885-0500 INFO  mkfntmap - C:/Users/School/Downloads/PDFLaTeXEditor/miktex-portable/texmfs/install/fonts/type1/arabi: skipping, existing cache is valid: 0 fonts, 2 dirs
2020-11-20 09:26:34,889-0500 INFO  mkfntmap - C:/Users/School/Downloads/PDFLaTeXEditor/miktex-portable/texmfs/install/fonts/type1/arabi/arabeyes: skipping, existing cache is valid: 33 fonts, 0 dirs
2020-11-20 09:26:34,893-0500 INFO  mkfntmap - C:/Users/School/Downloads/PDFLaTeXEditor/miktex-portable/texmfs/install/fonts/type1/arabi/farsiweb: skipping, existing cache is valid: 4 fonts, 0 dirs
2020-11-20 09:26:34,897-0500 INFO  mkfntmap - C:/Users/School/Downloads/PDFLaTeXEditor/miktex-portable/texmfs/install/fonts/type1/metapost: skipping, existing cache is valid: 1 fonts, 0 dirs
2020-11-20 09:26:34,900-0500 INFO  mkfntmap - C:/Users/School/Downloads/PDFLaTeXEditor/miktex-portable/texmfs/install/fonts/type1/public: skipping, existing cache is valid: 0 fonts, 5 dirs
2020-11-20 09:26:34,903-0500 INFO  mkfntmap - C:/Users/School/Downloads/PDFLaTeXEditor/miktex-portable/texmfs/install/fonts/type1/public/amsfonts: skipping, existing cache is valid: 0 fonts, 6 dirs
2020-11-20 09:26:34,906-0500 INFO  mkfntmap - C:/Users/School/Downloads/PDFLaTeXEditor/miktex-portable/texmfs/install/fonts/type1/public/amsfonts/cm: skipping, existing cache is valid: 75 fonts, 0 dirs
2020-11-20 09:26:34,909-0500 INFO  mkfntmap - C:/Users/School/Downloads/PDFLaTeXEditor/miktex-portable/texmfs/install/fonts/type1/public/amsfonts/cmextra: skipping, existing cache is valid: 15 fonts, 0 dirs
2020-11-20 09:26:34,912-0500 INFO  mkfntmap - C:/Users/School/Downloads/PDFLaTeXEditor/miktex-portable/texmfs/install/fonts/type1/public/amsfonts/cyrillic: skipping, existing cache is valid: 5 fonts, 0 dirs
2020-11-20 09:26:34,914-0500 INFO  mkfntmap - C:/Users/School/Downloads/PDFLaTeXEditor/miktex-portable/texmfs/install/fonts/type1/public/amsfonts/euler: skipping, existing cache is valid: 22 fonts, 0 dirs
2020-11-20 09:26:34,918-0500 INFO  mkfntmap - C:/Users/School/Downloads/PDFLaTeXEditor/miktex-portable/texmfs/install/fonts/type1/public/amsfonts/latxfont: skipping, existing cache is valid: 14 fonts, 0 dirs
2020-11-20 09:26:34,921-0500 INFO  mkfntmap - C:/Users/School/Downloads/PDFLaTeXEditor/miktex-portable/texmfs/install/fonts/type1/public/amsfonts/symbols: skipping, existing cache is valid: 12 fonts, 0 dirs
2020-11-20 09:26:34,923-0500 INFO  mkfntmap - C:/Users/School/Downloads/PDFLaTeXEditor/miktex-portable/texmfs/install/fonts/type1/public/cbcoptic: skipping, existing cache is valid: 2 fonts, 0 dirs
2020-11-20 09:26:34,927-0500 INFO  mkfntmap - C:/Users/School/Downloads/PDFLaTeXEditor/miktex-portable/texmfs/install/fonts/type1/public/lm: skipping, existing cache is valid: 92 fonts, 0 dirs
2020-11-20 09:26:34,930-0500 INFO  mkfntmap - C:/Users/School/Downloads/PDFLaTeXEditor/miktex-portable/texmfs/install/fonts/type1/public/pdftex: skipping, existing cache is valid: 1 fonts, 0 dirs
2020-11-20 09:26:34,934-0500 INFO  mkfntmap - C:/Users/School/Downloads/PDFLaTeXEditor/miktex-portable/texmfs/install/fonts/type1/public/rsfs: skipping, existing cache is valid: 3 fonts, 0 dirs
2020-11-20 09:26:34,936-0500 INFO  mkfntmap - C:/Users/School/Downloads/PDFLaTeXEditor/miktex-portable/texmfs/install/fonts/type1/urw: skipping, existing cache is valid: 0 fonts, 10 dirs
2020-11-20 09:26:34,938-0500 INFO  mkfntmap - C:/Users/School/Downloads/PDFLaTeXEditor/miktex-portable/texmfs/install/fonts/type1/urw/avantgar: skipping, existing cache is valid: 4 fonts, 0 dirs
2020-11-20 09:26:34,942-0500 INFO  mkfntmap - C:/Users/School/Downloads/PDFLaTeXEditor/miktex-portable/texmfs/install/fonts/type1/urw/bookman: skipping, existing cache is valid: 4 fonts, 0 dirs
2020-11-20 09:26:34,944-0500 INFO  mkfntmap - C:/Users/School/Downloads/PDFLaTeXEditor/miktex-portable/texmfs/install/fonts/type1/urw/courier: skipping, existing cache is valid: 4 fonts, 0 dirs
2020-11-20 09:26:34,948-0500 INFO  mkfntmap - C:/Users/School/Downloads/PDFLaTeXEditor/miktex-portable/texmfs/install/fonts/type1/urw/helvetic: skipping, existing cache is valid: 14 fonts, 0 dirs
2020-11-20 09:26:34,951-0500 INFO  mkfntmap - C:/Users/School/Downloads/PDFLaTeXEditor/miktex-portable/texmfs/install/fonts/type1/urw/ncntrsbk: skipping, existing cache is valid: 4 fonts, 0 dirs
2020-11-20 09:26:34,953-0500 INFO  mkfntmap - C:/Users/School/Downloads/PDFLaTeXEditor/miktex-portable/texmfs/install/fonts/type1/urw/palatino: skipping, existing cache is valid: 4 fonts, 0 dirs
2020-11-20 09:26:34,956-0500 INFO  mkfntmap - C:/Users/School/Downloads/PDFLaTeXEditor/miktex-portable/texmfs/install/fonts/type1/urw/symbol: skipping, existing cache is valid: 1 fonts, 0 dirs
2020-11-20 09:26:34,958-0500 INFO  mkfntmap - C:/Users/School/Downloads/PDFLaTeXEditor/miktex-portable/texmfs/install/fonts/type1/urw/times: skipping, existing cache is valid: 4 fonts, 0 dirs
2020-11-20 09:26:34,960-0500 INFO  mkfntmap - C:/Users/School/Downloads/PDFLaTeXEditor/miktex-portable/texmfs/install/fonts/type1/urw/zapfchan: skipping, existing cache is valid: 1 fonts, 0 dirs
2020-11-20 09:26:34,963-0500 INFO  mkfntmap - C:/Users/School/Downloads/PDFLaTeXEditor/miktex-portable/texmfs/install/fonts/type1/urw/zapfding: skipping, existing cache is valid: 1 fonts, 0 dirs
2020-11-20 09:26:34,965-0500 INFO  mkfntmap - C:/Users/School/Downloads/PDFLaTeXEditor/miktex-portable/texmfs/install/fonts/opentype: skipping, existing cache is valid: 0 fonts, 1 dirs
2020-11-20 09:26:34,968-0500 INFO  mkfntmap - C:/Users/School/Downloads/PDFLaTeXEditor/miktex-portable/texmfs/install/fonts/opentype/public: skipping, existing cache is valid: 0 fonts, 1 dirs
2020-11-20 09:26:34,970-0500 INFO  mkfntmap - C:/Users/School/Downloads/PDFLaTeXEditor/miktex-portable/texmfs/install/fonts/opentype/public/lm: skipping, existing cache is valid: 72 fonts, 0 dirs
2020-11-20 09:26:34,971-0500 INFO  mkfntmap - C:/Users/School/.local/share/fonts: skipping, no such directory
2020-11-20 09:26:34,971-0500 INFO  mkfntmap - C:/Users/School/.fonts: skipping, no such directory
2020-11-20 09:26:34,971-0500 INFO  mkfntmap - C:/Program Files (x86)/Adobe/Acrobat Reader DC/Resource/Font/PFM: skipping, looped directory detected
2020-11-20 09:26:34,971-0500 INFO  mkfntmap - C:/Users/School/Downloads/PDFLaTeXEditor/miktex-portable/texmfs/install/fonts/type1/adobe: skipping, looped directory detected
2020-11-20 09:26:34,971-0500 INFO  mkfntmap - C:/Users/School/Downloads/PDFLaTeXEditor/miktex-portable/texmfs/install/fonts/type1/arabi: skipping, looped directory detected
2020-11-20 09:26:34,971-0500 INFO  mkfntmap - C:/Users/School/Downloads/PDFLaTeXEditor/miktex-portable/texmfs/install/fonts/type1/metapost: skipping, looped directory detected
2020-11-20 09:26:34,971-0500 INFO  mkfntmap - C:/Users/School/Downloads/PDFLaTeXEditor/miktex-portable/texmfs/install/fonts/type1/public: skipping, looped directory detected
2020-11-20 09:26:34,971-0500 INFO  mkfntmap - C:/Users/School/Downloads/PDFLaTeXEditor/miktex-portable/texmfs/install/fonts/type1/urw: skipping, looped directory detected
2020-11-20 09:26:34,971-0500 INFO  mkfntmap - C:/Users/School/Downloads/PDFLaTeXEditor/miktex-portable/texmfs/install/fonts/opentype/public: skipping, looped directory detected
2020-11-20 09:26:34,971-0500 INFO  mkfntmap - C:/Users/School/Downloads/PDFLaTeXEditor/miktex-portable/texmfs/install/fonts/type1/adobe/courier: skipping, looped directory detected
2020-11-20 09:26:34,971-0500 INFO  mkfntmap - C:/Users/School/Downloads/PDFLaTeXEditor/miktex-portable/texmfs/install/fonts/type1/arabi/arabeyes: skipping, looped directory detected
2020-11-20 09:26:34,971-0500 INFO  mkfntmap - C:/Users/School/Downloads/PDFLaTeXEditor/miktex-portable/texmfs/install/fonts/type1/arabi/farsiweb: skipping, looped directory detected
2020-11-20 09:26:34,971-0500 INFO  mkfntmap - C:/Users/School/Downloads/PDFLaTeXEditor/miktex-portable/texmfs/install/fonts/type1/public/amsfonts: skipping, looped directory detected
2020-11-20 09:26:34,971-0500 INFO  mkfntmap - C:/Users/School/Downloads/PDFLaTeXEditor/miktex-portable/texmfs/install/fonts/type1/public/cbcoptic: skipping, looped directory detected
2020-11-20 09:26:34,971-0500 INFO  mkfntmap - C:/Users/School/Downloads/PDFLaTeXEditor/miktex-portable/texmfs/install/fonts/type1/public/lm: skipping, looped directory detected
2020-11-20 09:26:34,971-0500 INFO  mkfntmap - C:/Users/School/Downloads/PDFLaTeXEditor/miktex-portable/texmfs/install/fonts/type1/public/pdftex: skipping, looped directory detected
2020-11-20 09:26:34,971-0500 INFO  mkfntmap - C:/Users/School/Downloads/PDFLaTeXEditor/miktex-portable/texmfs/install/fonts/type1/public/rsfs: skipping, looped directory detected
2020-11-20 09:26:34,971-0500 INFO  mkfntmap - C:/Users/School/Downloads/PDFLaTeXEditor/miktex-portable/texmfs/install/fonts/type1/urw/avantgar: skipping, looped directory detected
2020-11-20 09:26:34,971-0500 INFO  mkfntmap - C:/Users/School/Downloads/PDFLaTeXEditor/miktex-portable/texmfs/install/fonts/type1/urw/bookman: skipping, looped directory detected
2020-11-20 09:26:34,971-0500 INFO  mkfntmap - C:/Users/School/Downloads/PDFLaTeXEditor/miktex-portable/texmfs/install/fonts/type1/urw/courier: skipping, looped directory detected
2020-11-20 09:26:34,971-0500 INFO  mkfntmap - C:/Users/School/Downloads/PDFLaTeXEditor/miktex-portable/texmfs/install/fonts/type1/urw/helvetic: skipping, looped directory detected
2020-11-20 09:26:34,971-0500 INFO  mkfntmap - C:/Users/School/Downloads/PDFLaTeXEditor/miktex-portable/texmfs/install/fonts/type1/urw/ncntrsbk: skipping, looped directory detected
2020-11-20 09:26:34,972-0500 INFO  mkfntmap - C:/Users/School/Downloads/PDFLaTeXEditor/miktex-portable/texmfs/install/fonts/type1/urw/palatino: skipping, looped directory detected
2020-11-20 09:26:34,972-0500 INFO  mkfntmap - C:/Users/School/Downloads/PDFLaTeXEditor/miktex-portable/texmfs/install/fonts/type1/urw/symbol: skipping, looped directory detected
2020-11-20 09:26:34,972-0500 INFO  mkfntmap - C:/Users/School/Downloads/PDFLaTeXEditor/miktex-portable/texmfs/install/fonts/type1/urw/times: skipping, looped directory detected
2020-11-20 09:26:34,972-0500 INFO  mkfntmap - C:/Users/School/Downloads/PDFLaTeXEditor/miktex-portable/texmfs/install/fonts/type1/urw/zapfchan: skipping, looped directory detected
2020-11-20 09:26:34,972-0500 INFO  mkfntmap - C:/Users/School/Downloads/PDFLaTeXEditor/miktex-portable/texmfs/install/fonts/type1/urw/zapfding: skipping, looped directory detected
2020-11-20 09:26:34,972-0500 INFO  mkfntmap - C:/Users/School/Downloads/PDFLaTeXEditor/miktex-portable/texmfs/install/fonts/opentype/public/lm: skipping, looped directory detected
2020-11-20 09:26:34,972-0500 INFO  mkfntmap - C:/Users/School/Downloads/PDFLaTeXEditor/miktex-portable/texmfs/install/fonts/type1/public/amsfonts/cm: skipping, looped directory detected
2020-11-20 09:26:34,972-0500 INFO  mkfntmap - C:/Users/School/Downloads/PDFLaTeXEditor/miktex-portable/texmfs/install/fonts/type1/public/amsfonts/cmextra: skipping, looped directory detected
2020-11-20 09:26:34,972-0500 INFO  mkfntmap - C:/Users/School/Downloads/PDFLaTeXEditor/miktex-portable/texmfs/install/fonts/type1/public/amsfonts/cyrillic: skipping, looped directory detected
2020-11-20 09:26:34,972-0500 INFO  mkfntmap - C:/Users/School/Downloads/PDFLaTeXEditor/miktex-portable/texmfs/install/fonts/type1/public/amsfonts/euler: skipping, looped directory detected
2020-11-20 09:26:34,972-0500 INFO  mkfntmap - C:/Users/School/Downloads/PDFLaTeXEditor/miktex-portable/texmfs/install/fonts/type1/public/amsfonts/latxfont: skipping, looped directory detected
2020-11-20 09:26:35,157-0500 INFO  mkfntmap - C:/Users/School/Downloads/PDFLaTeXEditor/miktex-portable/texmfs/install/fonts/type1/public/amsfonts/symbols: skipping, looped directory detected
2020-11-20 09:26:35,157-0500 INFO  mkfntmap - C:/Users/School/Downloads/PDFLaTeXEditor/miktex-portable/texmfs/data/fontconfig/cache: cleaning cache directory
2020-11-20 09:26:35,158-0500 INFO  mkfntmap - C:/Users/School/.cache/fontconfig: not cleaning non-existent cache directory
2020-11-20 09:26:35,160-0500 INFO  mkfntmap - C:/Users/School/.fontconfig: not cleaning non-existent cache directory
2020-11-20 09:26:35,160-0500 INFO  mkfntmap - miktex-fc-cache: succeeded
2020-11-20 09:26:35,178-0500 INFO  mkfntmap - this process (1640) finishes with exit code 0
2020-11-20 09:26:35,178-0500 WARN  miktex.core - still open: C:\Users\School\Downloads\PDFLaTeXEditor\miktex-portable\texmfs\install\fontconfig/config\fonts.conf.in
2020-11-20 09:26:35,178-0500 WARN  miktex.core - still open: C:\Users\School\Downloads\PDFLaTeXEditor\miktex-portable\texmfs/config\fontconfig\config\fonts.conf
2020-11-20 10:16:58,815-0500 INFO  mkfntmap - this process (14532) started by 'initexmf' with command line: mkfntmap --enable-installer --miktex-disable-maintenance --miktex-disable-diagnose
2020-11-20 10:16:58,819-0500 INFO  mkfntmap - Parsing config file C:\Users\School\Downloads\PDFLaTeXEditor\miktex-portable\texmfs\install\miktex/config\updmap.cfg...
2020-11-20 10:17:05,373-0500 INFO  mkfntmap - Writing C:\Users\School\Downloads\PDFLaTeXEditor\miktex-portable\texmfs/data\dvips\config\ps2pk.map...
2020-11-20 10:17:05,393-0500 INFO  mkfntmap - Writing C:\Users\School\Downloads\PDFLaTeXEditor\miktex-portable\texmfs/data\dvips\config\download35.map...
2020-11-20 10:17:05,401-0500 INFO  mkfntmap - Writing C:\Users\School\Downloads\PDFLaTeXEditor\miktex-portable\texmfs/data\dvips\config\builtin35.map...
2020-11-20 10:17:05,408-0500 INFO  mkfntmap - Writing C:\Users\School\Downloads\PDFLaTeXEditor\miktex-portable\texmfs/data\dvips\config\psfonts_t1.map...
2020-11-20 10:17:05,427-0500 INFO  mkfntmap - Writing C:\Users\School\Downloads\PDFLaTeXEditor\miktex-portable\texmfs/data\dvips\config\psfonts_pk.map...
2020-11-20 10:17:05,448-0500 INFO  mkfntmap - Writing C:\Users\School\Downloads\PDFLaTeXEditor\miktex-portable\texmfs/data\pdftex\config\pdftex_ndl14.map...
2020-11-20 10:17:05,466-0500 INFO  mkfntmap - Writing C:\Users\School\Downloads\PDFLaTeXEditor\miktex-portable\texmfs/data\pdftex\config\pdftex_dl14.map...
2020-11-20 10:17:05,483-0500 INFO  mkfntmap - Writing C:\Users\School\Downloads\PDFLaTeXEditor\miktex-portable\texmfs/data\dvipdfm\config\dvipdfm_dl14.map...
2020-11-20 10:17:05,502-0500 INFO  mkfntmap - Writing C:\Users\School\Downloads\PDFLaTeXEditor\miktex-portable\texmfs/data\dvipdfm\config\dvipdfm_ndl14.map...
2020-11-20 10:17:05,521-0500 INFO  mkfntmap - Copying C:\Users\School\Downloads\PDFLaTeXEditor\miktex-portable\texmfs/data\dvips\config\psfonts_t1.map
2020-11-20 10:17:05,521-0500 INFO  mkfntmap -      to C:\Users\School\Downloads\PDFLaTeXEditor\miktex-portable\texmfs/data\dvips\config\psfonts.map...
2020-11-20 10:17:05,527-0500 INFO  mkfntmap - Copying C:\Users\School\Downloads\PDFLaTeXEditor\miktex-portable\texmfs/data\dvipdfm\config\dvipdfm_dl14.map
2020-11-20 10:17:05,528-0500 INFO  mkfntmap -      to C:\Users\School\Downloads\PDFLaTeXEditor\miktex-portable\texmfs/data\dvipdfm\config\dvipdfm.map...
2020-11-20 10:17:05,532-0500 INFO  mkfntmap - Copying C:\Users\School\Downloads\PDFLaTeXEditor\miktex-portable\texmfs/data\pdftex\config\pdftex_dl14.map
2020-11-20 10:17:05,532-0500 INFO  mkfntmap -      to C:\Users\School\Downloads\PDFLaTeXEditor\miktex-portable\texmfs/data\pdftex\config\pdftex.map...
2020-11-20 10:17:05,563-0500 INFO  mkfntmap - running: miktex-fc-cache --miktex-disable-maintenance --miktex-disable-diagnose
2020-11-20 10:17:05,651-0500 INFO  mkfntmap.core - start process: miktex-fc-cache --miktex-disable-maintenance --miktex-disable-diagnose
2020-11-20 10:17:06,854-0500 INFO  mkfntmap - this process (14532) finishes with exit code 0
2020-11-20 10:17:06,855-0500 WARN  miktex.core - still open: C:\Users\School\Downloads\PDFLaTeXEditor\miktex-portable\texmfs\install\fontconfig/config\fonts.conf.in
2020-11-20 10:17:06,855-0500 WARN  miktex.core - still open: C:\Users\School\Downloads\PDFLaTeXEditor\miktex-portable\texmfs/config\fontconfig\config\fonts.conf
2020-11-20 10:17:11,890-0500 INFO  mkfntmap - this process (7072) started by 'initexmf' with command line: mkfntmap --enable-installer --miktex-disable-maintenance --miktex-disable-diagnose
2020-11-20 10:17:11,896-0500 INFO  mkfntmap - Parsing config file C:\Users\School\Downloads\PDFLaTeXEditor\miktex-portable\texmfs\install\miktex/config\updmap.cfg...
2020-11-20 10:17:18,966-0500 INFO  mkfntmap - Writing C:\Users\School\Downloads\PDFLaTeXEditor\miktex-portable\texmfs/data\dvips\config\ps2pk.map...
2020-11-20 10:17:18,989-0500 INFO  mkfntmap - Writing C:\Users\School\Downloads\PDFLaTeXEditor\miktex-portable\texmfs/data\dvips\config\download35.map...
2020-11-20 10:17:18,995-0500 INFO  mkfntmap - Writing C:\Users\School\Downloads\PDFLaTeXEditor\miktex-portable\texmfs/data\dvips\config\builtin35.map...
2020-11-20 10:17:19,003-0500 INFO  mkfntmap - Writing C:\Users\School\Downloads\PDFLaTeXEditor\miktex-portable\texmfs/data\dvips\config\psfonts_t1.map...
2020-11-20 10:17:19,020-0500 INFO  mkfntmap - Writing C:\Users\School\Downloads\PDFLaTeXEditor\miktex-portable\texmfs/data\dvips\config\psfonts_pk.map...
2020-11-20 10:17:19,039-0500 INFO  mkfntmap - Writing C:\Users\School\Downloads\PDFLaTeXEditor\miktex-portable\texmfs/data\pdftex\config\pdftex_ndl14.map...
2020-11-20 10:17:19,055-0500 INFO  mkfntmap - Writing C:\Users\School\Downloads\PDFLaTeXEditor\miktex-portable\texmfs/data\pdftex\config\pdftex_dl14.map...
2020-11-20 10:17:19,072-0500 INFO  mkfntmap - Writing C:\Users\School\Downloads\PDFLaTeXEditor\miktex-portable\texmfs/data\dvipdfm\config\dvipdfm_dl14.map...
2020-11-20 10:17:19,093-0500 INFO  mkfntmap - Writing C:\Users\School\Downloads\PDFLaTeXEditor\miktex-portable\texmfs/data\dvipdfm\config\dvipdfm_ndl14.map...
2020-11-20 10:17:19,111-0500 INFO  mkfntmap - Copying C:\Users\School\Downloads\PDFLaTeXEditor\miktex-portable\texmfs/data\dvips\config\psfonts_t1.map
2020-11-20 10:17:19,112-0500 INFO  mkfntmap -      to C:\Users\School\Downloads\PDFLaTeXEditor\miktex-portable\texmfs/data\dvips\config\psfonts.map...
2020-11-20 10:17:19,117-0500 INFO  mkfntmap - Copying C:\Users\School\Downloads\PDFLaTeXEditor\miktex-portable\texmfs/data\dvipdfm\config\dvipdfm_dl14.map
2020-11-20 10:17:19,117-0500 INFO  mkfntmap -      to C:\Users\School\Downloads\PDFLaTeXEditor\miktex-portable\texmfs/data\dvipdfm\config\dvipdfm.map...
2020-11-20 10:17:19,122-0500 INFO  mkfntmap - Copying C:\Users\School\Downloads\PDFLaTeXEditor\miktex-portable\texmfs/data\pdftex\config\pdftex_dl14.map
2020-11-20 10:17:19,122-0500 INFO  mkfntmap -      to C:\Users\School\Downloads\PDFLaTeXEditor\miktex-portable\texmfs/data\pdftex\config\pdftex.map...
2020-11-20 10:17:19,144-0500 INFO  mkfntmap - running: miktex-fc-cache --miktex-disable-maintenance --miktex-disable-diagnose
2020-11-20 10:17:19,205-0500 INFO  mkfntmap.core - start process: miktex-fc-cache --miktex-disable-maintenance --miktex-disable-diagnose
2020-11-20 10:17:20,086-0500 INFO  mkfntmap - this process (7072) finishes with exit code 0
2020-11-20 10:17:20,087-0500 WARN  miktex.core - still open: C:\Users\School\Downloads\PDFLaTeXEditor\miktex-portable\texmfs\install\fontconfig/config\fonts.conf.in
2020-11-20 10:17:20,087-0500 WARN  miktex.core - still open: C:\Users\School\Downloads\PDFLaTeXEditor\miktex-portable\texmfs/config\fontconfig\config\fonts.conf
2020-11-20 10:17:30,129-0500 INFO  mkfntmap - this process (8564) started by 'initexmf' with command line: mkfntmap --enable-installer --miktex-disable-maintenance --miktex-disable-diagnose
2020-11-20 10:17:30,134-0500 INFO  mkfntmap - Parsing config file C:\Users\School\Downloads\PDFLaTeXEditor\miktex-portable\texmfs\install\miktex/config\updmap.cfg...
2020-11-20 10:17:39,628-0500 INFO  mkfntmap - Writing C:\Users\School\Downloads\PDFLaTeXEditor\miktex-portable\texmfs/data\dvips\config\ps2pk.map...
2020-11-20 10:17:39,645-0500 INFO  mkfntmap - Writing C:\Users\School\Downloads\PDFLaTeXEditor\miktex-portable\texmfs/data\dvips\config\download35.map...
2020-11-20 10:17:39,651-0500 INFO  mkfntmap - Writing C:\Users\School\Downloads\PDFLaTeXEditor\miktex-portable\texmfs/data\dvips\config\builtin35.map...
2020-11-20 10:17:39,655-0500 INFO  mkfntmap - Writing C:\Users\School\Downloads\PDFLaTeXEditor\miktex-portable\texmfs/data\dvips\config\psfonts_t1.map...
2020-11-20 10:17:39,671-0500 INFO  mkfntmap - Writing C:\Users\School\Downloads\PDFLaTeXEditor\miktex-portable\texmfs/data\dvips\config\psfonts_pk.map...
2020-11-20 10:17:39,686-0500 INFO  mkfntmap - Writing C:\Users\School\Downloads\PDFLaTeXEditor\miktex-portable\texmfs/data\pdftex\config\pdftex_ndl14.map...
2020-11-20 10:17:39,701-0500 INFO  mkfntmap - Writing C:\Users\School\Downloads\PDFLaTeXEditor\miktex-portable\texmfs/data\pdftex\config\pdftex_dl14.map...
2020-11-20 10:17:39,716-0500 INFO  mkfntmap - Writing C:\Users\School\Downloads\PDFLaTeXEditor\miktex-portable\texmfs/data\dvipdfm\config\dvipdfm_dl14.map...
2020-11-20 10:17:39,731-0500 INFO  mkfntmap - Writing C:\Users\School\Downloads\PDFLaTeXEditor\miktex-portable\texmfs/data\dvipdfm\config\dvipdfm_ndl14.map...
2020-11-20 10:17:39,754-0500 INFO  mkfntmap - Copying C:\Users\School\Downloads\PDFLaTeXEditor\miktex-portable\texmfs/data\dvips\config\psfonts_t1.map
2020-11-20 10:17:39,754-0500 INFO  mkfntmap -      to C:\Users\School\Downloads\PDFLaTeXEditor\miktex-portable\texmfs/data\dvips\config\psfonts.map...
2020-11-20 10:17:39,760-0500 INFO  mkfntmap - Copying C:\Users\School\Downloads\PDFLaTeXEditor\miktex-portable\texmfs/data\dvipdfm\config\dvipdfm_dl14.map
2020-11-20 10:17:39,760-0500 INFO  mkfntmap -      to C:\Users\School\Downloads\PDFLaTeXEditor\miktex-portable\texmfs/data\dvipdfm\config\dvipdfm.map...
2020-11-20 10:17:39,763-0500 INFO  mkfntmap - Copying C:\Users\School\Downloads\PDFLaTeXEditor\miktex-portable\texmfs/data\pdftex\config\pdftex_dl14.map
2020-11-20 10:17:39,763-0500 INFO  mkfntmap -      to C:\Users\School\Downloads\PDFLaTeXEditor\miktex-portable\texmfs/data\pdftex\config\pdftex.map...
2020-11-20 10:17:39,780-0500 INFO  mkfntmap - running: miktex-fc-cache --miktex-disable-maintenance --miktex-disable-diagnose
2020-11-20 10:17:39,858-0500 INFO  mkfntmap.core - start process: miktex-fc-cache --miktex-disable-maintenance --miktex-disable-diagnose
2020-11-20 10:17:40,739-0500 INFO  mkfntmap - this process (8564) finishes with exit code 0
2020-11-20 10:17:40,739-0500 WARN  miktex.core - still open: C:\Users\School\Downloads\PDFLaTeXEditor\miktex-portable\texmfs\install\fontconfig/config\fonts.conf.in
2020-11-20 10:17:40,739-0500 WARN  miktex.core - still open: C:\Users\School\Downloads\PDFLaTeXEditor\miktex-portable\texmfs/config\fontconfig\config\fonts.conf
